<?xml version="1.0" encoding="UTF-8"?>
<coverage generated="1685037463780" clover="3.2.0">
  <project timestamp="1685037463780" name="All files">
    <metrics statements="139" coveredstatements="122" conditionals="23" coveredconditionals="16" methods="55" coveredmethods="43" elements="217" coveredelements="181" complexity="0" loc="139" ncloc="139" packages="8" files="14" classes="14"/>
    <package name="assets">
      <metrics statements="1" coveredstatements="1" conditionals="0" coveredconditionals="0" methods="0" coveredmethods="0"/>
      <file name="sort.png" path="/Users/renato/projects/ReactNative/RickAndMorty/src/assets/sort.png">
        <metrics statements="1" coveredstatements="1" conditionals="0" coveredconditionals="0" methods="0" coveredmethods="0"/>
        <line num="1" count="4" type="stmt"/>
      </file>
    </package>
    <package name="components">
      <metrics statements="6" coveredstatements="6" conditionals="0" coveredconditionals="0" methods="2" coveredmethods="2"/>
      <file name="Loading.tsx" path="/Users/renato/projects/ReactNative/RickAndMorty/src/components/Loading.tsx">
        <metrics statements="2" coveredstatements="2" conditionals="0" coveredconditionals="0" methods="1" coveredmethods="1"/>
        <line num="6" count="6" type="stmt"/>
        <line num="13" count="4" type="stmt"/>
      </file>
      <file name="Search.tsx" path="/Users/renato/projects/ReactNative/RickAndMorty/src/components/Search.tsx">
        <metrics statements="4" coveredstatements="4" conditionals="0" coveredconditionals="0" methods="1" coveredmethods="1"/>
        <line num="13" count="20" type="stmt"/>
        <line num="27" count="4" type="stmt"/>
        <line num="33" count="4" type="stmt"/>
        <line num="42" count="4" type="stmt"/>
      </file>
    </package>
    <package name="routes">
      <metrics statements="0" coveredstatements="0" conditionals="0" coveredconditionals="0" methods="0" coveredmethods="0"/>
      <file name="CharacterStackTypes.ts" path="/Users/renato/projects/ReactNative/RickAndMorty/src/routes/CharacterStackTypes.ts">
        <metrics statements="0" coveredstatements="0" conditionals="0" coveredconditionals="0" methods="0" coveredmethods="0"/>
      </file>
    </package>
    <package name="screens.CharacterScreen">
      <metrics statements="0" coveredstatements="0" conditionals="0" coveredconditionals="0" methods="0" coveredmethods="0"/>
      <file name="index.ts" path="/Users/renato/projects/ReactNative/RickAndMorty/src/screens/CharacterScreen/index.ts">
        <metrics statements="0" coveredstatements="0" conditionals="0" coveredconditionals="0" methods="0" coveredmethods="0"/>
      </file>
    </package>
    <package name="screens.CharacterScreen.CharacterDetailScreen">
      <metrics statements="16" coveredstatements="16" conditionals="0" coveredconditionals="0" methods="7" coveredmethods="7"/>
      <file name="CharacterDetail.tsx" path="/Users/renato/projects/ReactNative/RickAndMorty/src/screens/CharacterScreen/CharacterDetailScreen/CharacterDetail.tsx">
        <metrics statements="16" coveredstatements="16" conditionals="0" coveredconditionals="0" methods="7" coveredmethods="7"/>
        <line num="15" count="2" type="stmt"/>
        <line num="16" count="1" type="stmt"/>
        <line num="30" count="1" type="stmt"/>
        <line num="32" count="1" type="stmt"/>
        <line num="42" count="1" type="stmt"/>
        <line num="44" count="1" type="stmt"/>
        <line num="54" count="2" type="stmt"/>
        <line num="59" count="2" type="stmt"/>
        <line num="61" count="2" type="stmt"/>
        <line num="68" count="2" type="stmt"/>
        <line num="73" count="2" type="stmt"/>
        <line num="77" count="2" type="stmt"/>
        <line num="84" count="2" type="stmt"/>
        <line num="89" count="2" type="stmt"/>
        <line num="96" count="2" type="stmt"/>
        <line num="101" count="2" type="stmt"/>
      </file>
    </package>
    <package name="screens.CharacterScreen.CharacterList">
      <metrics statements="51" coveredstatements="42" conditionals="9" coveredconditionals="6" methods="21" coveredmethods="15"/>
      <file name="CharacterListContainer.tsx" path="/Users/renato/projects/ReactNative/RickAndMorty/src/screens/CharacterScreen/CharacterList/CharacterListContainer.tsx">
        <metrics statements="4" coveredstatements="4" conditionals="0" coveredconditionals="0" methods="2" coveredmethods="2"/>
        <line num="6" count="8" type="stmt"/>
        <line num="8" count="8" type="stmt"/>
        <line num="9" count="2" type="stmt"/>
        <line num="13" count="8" type="stmt"/>
      </file>
      <file name="CharacterListContent.tsx" path="/Users/renato/projects/ReactNative/RickAndMorty/src/screens/CharacterScreen/CharacterList/CharacterListContent.tsx">
        <metrics statements="9" coveredstatements="9" conditionals="2" coveredconditionals="2" methods="5" coveredmethods="4"/>
        <line num="29" count="10" type="stmt"/>
        <line num="42" count="20" type="stmt"/>
        <line num="44" count="20" type="stmt"/>
        <line num="53" count="2" type="stmt"/>
        <line num="60" count="20" type="stmt"/>
        <line num="67" count="2" type="stmt"/>
        <line num="71" count="2" type="stmt"/>
        <line num="76" count="2" type="stmt"/>
        <line num="78" count="2" type="stmt"/>
      </file>
      <file name="useCharacterScreen.ts" path="/Users/renato/projects/ReactNative/RickAndMorty/src/screens/CharacterScreen/CharacterList/useCharacterScreen.ts">
        <metrics statements="38" coveredstatements="29" conditionals="7" coveredconditionals="4" methods="14" coveredmethods="9"/>
        <line num="46" count="4" type="stmt"/>
        <line num="78" count="4" type="stmt"/>
        <line num="79" count="1" type="stmt"/>
        <line num="83" count="8" type="stmt"/>
        <line num="84" count="8" type="stmt"/>
        <line num="95" count="8" type="stmt"/>
        <line num="96" count="8" type="stmt"/>
        <line num="99" count="8" type="stmt"/>
        <line num="101" count="8" type="stmt"/>
        <line num="102" count="4" type="cond" truecount="2" falsecount="0"/>
        <line num="103" count="2" type="stmt"/>
        <line num="108" count="2" type="cond" truecount="1" falsecount="1"/>
        <line num="109" count="2" type="stmt"/>
        <line num="111" count="0" type="stmt"/>
        <line num="114" count="2" type="stmt"/>
        <line num="117" count="16" type="stmt"/>
        <line num="120" count="2" type="stmt"/>
        <line num="126" count="8" type="stmt"/>
        <line num="127" count="4" type="stmt"/>
        <line num="130" count="8" type="cond" truecount="1" falsecount="0"/>
        <line num="131" count="2" type="stmt"/>
        <line num="135" count="8" type="stmt"/>
        <line num="137" count="8" type="stmt"/>
        <line num="138" count="0" type="stmt"/>
        <line num="143" count="8" type="stmt"/>
        <line num="144" count="1" type="stmt"/>
        <line num="145" count="1" type="stmt"/>
        <line num="146" count="1" type="stmt"/>
        <line num="149" count="8" type="stmt"/>
        <line num="150" count="0" type="stmt"/>
        <line num="153" count="0" type="stmt"/>
        <line num="160" count="0" type="stmt"/>
        <line num="164" count="0" type="stmt"/>
        <line num="167" count="8" type="stmt"/>
        <line num="168" count="0" type="cond" truecount="0" falsecount="2"/>
        <line num="169" count="0" type="stmt"/>
        <line num="172" count="0" type="stmt"/>
        <line num="177" count="8" type="stmt"/>
      </file>
    </package>
    <package name="screens.EpisodeScreen.EpisodeList">
      <metrics statements="52" coveredstatements="44" conditionals="9" coveredconditionals="6" methods="22" coveredmethods="16"/>
      <file name="EpisodeListContainer.tsx" path="/Users/renato/projects/ReactNative/RickAndMorty/src/screens/EpisodeScreen/EpisodeList/EpisodeListContainer.tsx">
        <metrics statements="4" coveredstatements="4" conditionals="0" coveredconditionals="0" methods="2" coveredmethods="2"/>
        <line num="6" count="8" type="stmt"/>
        <line num="8" count="8" type="stmt"/>
        <line num="9" count="2" type="stmt"/>
        <line num="14" count="8" type="stmt"/>
      </file>
      <file name="EpisodeListContent.tsx" path="/Users/renato/projects/ReactNative/RickAndMorty/src/screens/EpisodeScreen/EpisodeList/EpisodeListContent.tsx">
        <metrics statements="12" coveredstatements="12" conditionals="2" coveredconditionals="2" methods="6" coveredmethods="5"/>
        <line num="27" count="10" type="stmt"/>
        <line num="38" count="8" type="stmt"/>
        <line num="40" count="8" type="stmt"/>
        <line num="49" count="2" type="stmt"/>
        <line num="56" count="8" type="stmt"/>
        <line num="63" count="20" type="stmt"/>
        <line num="70" count="2" type="stmt"/>
        <line num="74" count="2" type="stmt"/>
        <line num="79" count="2" type="stmt"/>
        <line num="86" count="2" type="stmt"/>
        <line num="90" count="2" type="stmt"/>
        <line num="95" count="2" type="stmt"/>
      </file>
      <file name="useEpisodeScreen.ts" path="/Users/renato/projects/ReactNative/RickAndMorty/src/screens/EpisodeScreen/EpisodeList/useEpisodeScreen.ts">
        <metrics statements="36" coveredstatements="28" conditionals="7" coveredconditionals="4" methods="14" coveredmethods="9"/>
        <line num="28" count="4" type="stmt"/>
        <line num="49" count="4" type="stmt"/>
        <line num="50" count="1" type="stmt"/>
        <line num="54" count="8" type="stmt"/>
        <line num="65" count="8" type="stmt"/>
        <line num="66" count="8" type="stmt"/>
        <line num="69" count="8" type="stmt"/>
        <line num="71" count="8" type="stmt"/>
        <line num="72" count="4" type="cond" truecount="2" falsecount="0"/>
        <line num="73" count="2" type="stmt"/>
        <line num="78" count="2" type="cond" truecount="1" falsecount="1"/>
        <line num="79" count="2" type="stmt"/>
        <line num="81" count="0" type="stmt"/>
        <line num="84" count="2" type="stmt"/>
        <line num="87" count="2" type="stmt"/>
        <line num="90" count="2" type="stmt"/>
        <line num="96" count="8" type="stmt"/>
        <line num="97" count="4" type="stmt"/>
        <line num="100" count="8" type="cond" truecount="1" falsecount="0"/>
        <line num="101" count="2" type="stmt"/>
        <line num="105" count="8" type="stmt"/>
        <line num="107" count="8" type="stmt"/>
        <line num="109" count="8" type="stmt"/>
        <line num="110" count="1" type="stmt"/>
        <line num="111" count="1" type="stmt"/>
        <line num="112" count="1" type="stmt"/>
        <line num="115" count="8" type="stmt"/>
        <line num="116" count="0" type="stmt"/>
        <line num="119" count="0" type="stmt"/>
        <line num="126" count="0" type="stmt"/>
        <line num="130" count="0" type="stmt"/>
        <line num="133" count="8" type="stmt"/>
        <line num="134" count="0" type="cond" truecount="0" falsecount="2"/>
        <line num="135" count="0" type="stmt"/>
        <line num="138" count="0" type="stmt"/>
        <line num="143" count="8" type="stmt"/>
      </file>
    </package>
    <package name="utils">
      <metrics statements="13" coveredstatements="13" conditionals="5" coveredconditionals="4" methods="3" coveredmethods="3"/>
      <file name="SortApiResult.ts" path="/Users/renato/projects/ReactNative/RickAndMorty/src/utils/SortApiResult.ts">
        <metrics statements="7" coveredstatements="7" conditionals="5" coveredconditionals="4" methods="1" coveredmethods="1"/>
        <line num="2" count="18" type="stmt"/>
        <line num="3" count="18" type="stmt"/>
        <line num="6" count="18" type="cond" truecount="2" falsecount="0"/>
        <line num="7" count="6" type="stmt"/>
        <line num="10" count="12" type="cond" truecount="2" falsecount="0"/>
        <line num="11" count="6" type="stmt"/>
        <line num="14" count="6" type="stmt"/>
      </file>
      <file name="mockProvider.tsx" path="/Users/renato/projects/ReactNative/RickAndMorty/src/utils/mockProvider.tsx">
        <metrics statements="6" coveredstatements="6" conditionals="0" coveredconditionals="0" methods="2" coveredmethods="2"/>
        <line num="7" count="3" type="stmt"/>
        <line num="106" count="3" type="stmt"/>
        <line num="150" count="3" type="stmt"/>
        <line num="151" count="5" type="stmt"/>
        <line num="175" count="3" type="stmt"/>
        <line num="176" count="5" type="stmt"/>
      </file>
    </package>
  </project>
</coverage>
