{"/Users/renato/projects/ReactNative/RickAndMorty/src/assets/sort.png": {"path":"/Users/renato/projects/ReactNative/RickAndMorty/src/assets/sort.png","statementMap":{"0":{"start":{"line":1,"column":0},"end":{"line":4,"column":6}}},"fnMap":{},"branchMap":{},"s":{"0":4},"f":{},"b":{},"_coverageSchema":"1a1c01bbd47fc00a2c39e90264f33305004495a9","hash":"eb333ebff1dcc635a005dd4d6cb254d27f42a280"}
,"/Users/renato/projects/ReactNative/RickAndMorty/src/components/Loading.tsx": {"path":"/Users/renato/projects/ReactNative/RickAndMorty/src/components/Loading.tsx","statementMap":{"0":{"start":{"line":6,"column":2},"end":{"line":10,"column":4}},"1":{"start":{"line":13,"column":24},"end":{"line":17,"column":1}}},"fnMap":{"0":{"name":"Loading","decl":{"start":{"line":5,"column":24},"end":{"line":5,"column":31}},"loc":{"start":{"line":5,"column":34},"end":{"line":11,"column":1}},"line":5}},"branchMap":{},"s":{"0":6,"1":4},"f":{"0":6},"b":{},"_coverageSchema":"1a1c01bbd47fc00a2c39e90264f33305004495a9","hash":"bf8a01d047d7f7cc551dff588cd7005d19a097d5"}
,"/Users/renato/projects/ReactNative/RickAndMorty/src/components/Search.tsx": {"path":"/Users/renato/projects/ReactNative/RickAndMorty/src/components/Search.tsx","statementMap":{"0":{"start":{"line":13,"column":2},"end":{"line":24,"column":4}},"1":{"start":{"line":27,"column":24},"end":{"line":31,"column":1}},"2":{"start":{"line":33,"column":24},"end":{"line":40,"column":1}},"3":{"start":{"line":42,"column":20},"end":{"line":42,"column":34}}},"fnMap":{"0":{"name":"Search","decl":{"start":{"line":12,"column":24},"end":{"line":12,"column":30}},"loc":{"start":{"line":12,"column":75},"end":{"line":25,"column":1}},"line":12}},"branchMap":{},"s":{"0":20,"1":4,"2":4,"3":4},"f":{"0":20},"b":{},"_coverageSchema":"1a1c01bbd47fc00a2c39e90264f33305004495a9","hash":"bc1135bf62efa01ede3dd18e75440da998afbbfb"}
,"/Users/renato/projects/ReactNative/RickAndMorty/src/routes/CharacterStackTypes.ts": {"path":"/Users/renato/projects/ReactNative/RickAndMorty/src/routes/CharacterStackTypes.ts","statementMap":{},"fnMap":{},"branchMap":{},"s":{},"f":{},"b":{},"_coverageSchema":"1a1c01bbd47fc00a2c39e90264f33305004495a9","hash":"570212bb89c51ad6f840ed8ded3cb58aaebd3e03"}
,"/Users/renato/projects/ReactNative/RickAndMorty/src/screens/CharacterScreen/index.ts": {"path":"/Users/renato/projects/ReactNative/RickAndMorty/src/screens/CharacterScreen/index.ts","statementMap":{},"fnMap":{},"branchMap":{},"s":{},"f":{},"b":{},"_coverageSchema":"1a1c01bbd47fc00a2c39e90264f33305004495a9","hash":"e8fa1986d5656919aefab0f424a9d0980df1a260"}
,"/Users/renato/projects/ReactNative/RickAndMorty/src/screens/CharacterScreen/CharacterDetailScreen/CharacterDetail.tsx": {"path":"/Users/renato/projects/ReactNative/RickAndMorty/src/screens/CharacterScreen/CharacterDetailScreen/CharacterDetail.tsx","statementMap":{"0":{"start":{"line":15,"column":24},"end":{"line":24,"column":1}},"1":{"start":{"line":16,"column":2},"end":{"line":23,"column":28}},"2":{"start":{"line":30,"column":4},"end":{"line":30,"column":78}},"3":{"start":{"line":32,"column":2},"end":{"line":51,"column":4}},"4":{"start":{"line":42,"column":32},"end":{"line":42,"column":39}},"5":{"start":{"line":44,"column":10},"end":{"line":46,"column":26}},"6":{"start":{"line":54,"column":24},"end":{"line":57,"column":1}},"7":{"start":{"line":59,"column":20},"end":{"line":59,"column":34}},"8":{"start":{"line":61,"column":23},"end":{"line":66,"column":35}},"9":{"start":{"line":61,"column":52},"end":{"line":66,"column":1}},"10":{"start":{"line":68,"column":32},"end":{"line":71,"column":1}},"11":{"start":{"line":68,"column":57},"end":{"line":68,"column":59}},"12":{"start":{"line":73,"column":23},"end":{"line":75,"column":1}},"13":{"start":{"line":73,"column":48},"end":{"line":73,"column":50}},"14":{"start":{"line":77,"column":29},"end":{"line":82,"column":1}},"15":{"start":{"line":84,"column":27},"end":{"line":87,"column":1}},"16":{"start":{"line":89,"column":22},"end":{"line":94,"column":1}},"17":{"start":{"line":96,"column":26},"end":{"line":99,"column":1}},"18":{"start":{"line":101,"column":24},"end":{"line":103,"column":1}}},"fnMap":{"0":{"name":"(anonymous_0)","decl":{"start":{"line":15,"column":24},"end":{"line":15,"column":25}},"loc":{"start":{"line":16,"column":2},"end":{"line":23,"column":28}},"line":16},"1":{"name":"CharacterDetail","decl":{"start":{"line":26,"column":24},"end":{"line":26,"column":39}},"loc":{"start":{"line":26,"column":42},"end":{"line":52,"column":1}},"line":26},"2":{"name":"(anonymous_2)","decl":{"start":{"line":42,"column":22},"end":{"line":42,"column":23}},"loc":{"start":{"line":42,"column":32},"end":{"line":42,"column":39}},"line":42},"3":{"name":"(anonymous_3)","decl":{"start":{"line":43,"column":20},"end":{"line":43,"column":21}},"loc":{"start":{"line":44,"column":10},"end":{"line":46,"column":26}},"line":44},"4":{"name":"(anonymous_4)","decl":{"start":{"line":61,"column":45},"end":{"line":61,"column":46}},"loc":{"start":{"line":61,"column":52},"end":{"line":66,"column":1}},"line":61},"5":{"name":"(anonymous_5)","decl":{"start":{"line":68,"column":50},"end":{"line":68,"column":51}},"loc":{"start":{"line":68,"column":57},"end":{"line":68,"column":59}},"line":68},"6":{"name":"(anonymous_6)","decl":{"start":{"line":73,"column":41},"end":{"line":73,"column":42}},"loc":{"start":{"line":73,"column":48},"end":{"line":73,"column":50}},"line":73}},"branchMap":{},"s":{"0":2,"1":1,"2":1,"3":1,"4":1,"5":1,"6":2,"7":2,"8":2,"9":1,"10":2,"11":1,"12":2,"13":1,"14":2,"15":2,"16":2,"17":2,"18":2},"f":{"0":1,"1":1,"2":1,"3":1,"4":1,"5":1,"6":1},"b":{},"_coverageSchema":"1a1c01bbd47fc00a2c39e90264f33305004495a9","hash":"a0363514257bc935a9b301cf6ef06af1f3a6bf7e"}
,"/Users/renato/projects/ReactNative/RickAndMorty/src/screens/CharacterScreen/CharacterList/CharacterListContainer.tsx": {"path":"/Users/renato/projects/ReactNative/RickAndMorty/src/screens/CharacterScreen/CharacterList/CharacterListContainer.tsx","statementMap":{"0":{"start":{"line":6,"column":20},"end":{"line":6,"column":40}},"1":{"start":{"line":8,"column":2},"end":{"line":11,"column":9}},"2":{"start":{"line":9,"column":4},"end":{"line":9,"column":30}},"3":{"start":{"line":13,"column":2},"end":{"line":24,"column":4}}},"fnMap":{"0":{"name":"CharacterListScreen","decl":{"start":{"line":5,"column":24},"end":{"line":5,"column":43}},"loc":{"start":{"line":5,"column":46},"end":{"line":25,"column":1}},"line":5},"1":{"name":"(anonymous_1)","decl":{"start":{"line":8,"column":12},"end":{"line":8,"column":13}},"loc":{"start":{"line":8,"column":18},"end":{"line":11,"column":3}},"line":8}},"branchMap":{},"s":{"0":8,"1":8,"2":2,"3":8},"f":{"0":8,"1":2},"b":{},"_coverageSchema":"1a1c01bbd47fc00a2c39e90264f33305004495a9","hash":"575b05815d2eede1fdb9fc21cc1a2b292f43efef"}
,"/Users/renato/projects/ReactNative/RickAndMorty/src/screens/CharacterScreen/CharacterList/CharacterListContent.tsx": {"path":"/Users/renato/projects/ReactNative/RickAndMorty/src/screens/CharacterScreen/CharacterList/CharacterListContent.tsx","statementMap":{"0":{"start":{"line":29,"column":2},"end":{"line":50,"column":4}},"1":{"start":{"line":42,"column":32},"end":{"line":42,"column":39}},"2":{"start":{"line":44,"column":10},"end":{"line":44,"column":67}},"3":{"start":{"line":53,"column":27},"end":{"line":65,"column":1}},"4":{"start":{"line":60,"column":2},"end":{"line":64,"column":14}},"5":{"start":{"line":60,"column":28},"end":{"line":60,"column":46}},"6":{"start":{"line":67,"column":24},"end":{"line":69,"column":1}},"7":{"start":{"line":71,"column":33},"end":{"line":74,"column":1}},"8":{"start":{"line":76,"column":20},"end":{"line":76,"column":34}},"9":{"start":{"line":78,"column":24},"end":{"line":80,"column":1}}},"fnMap":{"0":{"name":"CharacterListContent","decl":{"start":{"line":19,"column":24},"end":{"line":19,"column":44}},"loc":{"start":{"line":28,"column":10},"end":{"line":51,"column":1}},"line":28},"1":{"name":"(anonymous_1)","decl":{"start":{"line":42,"column":22},"end":{"line":42,"column":23}},"loc":{"start":{"line":42,"column":32},"end":{"line":42,"column":39}},"line":42},"2":{"name":"(anonymous_2)","decl":{"start":{"line":43,"column":20},"end":{"line":43,"column":21}},"loc":{"start":{"line":44,"column":10},"end":{"line":44,"column":67}},"line":44},"3":{"name":"(anonymous_3)","decl":{"start":{"line":53,"column":27},"end":{"line":53,"column":28}},"loc":{"start":{"line":60,"column":2},"end":{"line":64,"column":14}},"line":60},"4":{"name":"(anonymous_4)","decl":{"start":{"line":60,"column":22},"end":{"line":60,"column":23}},"loc":{"start":{"line":60,"column":28},"end":{"line":60,"column":46}},"line":60}},"branchMap":{"0":{"loc":{"start":{"line":48,"column":7},"end":{"line":48,"column":29}},"type":"binary-expr","locations":[{"start":{"line":48,"column":7},"end":{"line":48,"column":14}},{"start":{"line":48,"column":18},"end":{"line":48,"column":29}}],"line":48}},"s":{"0":10,"1":20,"2":20,"3":2,"4":20,"5":0,"6":2,"7":2,"8":2,"9":2},"f":{"0":10,"1":20,"2":20,"3":20,"4":0},"b":{"0":[10,3]},"_coverageSchema":"1a1c01bbd47fc00a2c39e90264f33305004495a9","hash":"faa06ee01dcb7e60d26b953e75a25838538bafba"}
,"/Users/renato/projects/ReactNative/RickAndMorty/src/screens/CharacterScreen/CharacterList/useCharacterScreen.ts": {"path":"/Users/renato/projects/ReactNative/RickAndMorty/src/screens/CharacterScreen/CharacterList/useCharacterScreen.ts","statementMap":{"0":{"start":{"line":46,"column":29},"end":{"line":71,"column":1}},"1":{"start":{"line":78,"column":40},"end":{"line":80,"column":1}},"2":{"start":{"line":79,"column":38},"end":{"line":79,"column":48}},"3":{"start":{"line":83,"column":21},"end":{"line":83,"column":66}},"4":{"start":{"line":84,"column":42},"end":{"line":94,"column":4}},"5":{"start":{"line":95,"column":30},"end":{"line":95,"column":42}},"6":{"start":{"line":96,"column":26},"end":{"line":96,"column":66}},"7":{"start":{"line":99,"column":4},"end":{"line":99,"column":48}},"8":{"start":{"line":101,"column":25},"end":{"line":124,"column":12}},"9":{"start":{"line":102,"column":4},"end":{"line":104,"column":5}},"10":{"start":{"line":103,"column":6},"end":{"line":103,"column":13}},"11":{"start":{"line":108,"column":4},"end":{"line":112,"column":5}},"12":{"start":{"line":109,"column":6},"end":{"line":109,"column":40}},"13":{"start":{"line":111,"column":6},"end":{"line":111,"column":78}},"14":{"start":{"line":114,"column":4},"end":{"line":118,"column":8}},"15":{"start":{"line":117,"column":8},"end":{"line":117,"column":76}},"16":{"start":{"line":120,"column":4},"end":{"line":122,"column":7}},"17":{"start":{"line":126,"column":2},"end":{"line":128,"column":23}},"18":{"start":{"line":127,"column":4},"end":{"line":127,"column":21}},"19":{"start":{"line":130,"column":24},"end":{"line":132,"column":3}},"20":{"start":{"line":131,"column":4},"end":{"line":131,"column":69}},"21":{"start":{"line":135,"column":28},"end":{"line":135,"column":75}},"22":{"start":{"line":135,"column":42},"end":{"line":135,"column":70}},"23":{"start":{"line":137,"column":22},"end":{"line":141,"column":3}},"24":{"start":{"line":138,"column":4},"end":{"line":140,"column":7}},"25":{"start":{"line":143,"column":19},"end":{"line":147,"column":6}},"26":{"start":{"line":144,"column":4},"end":{"line":147,"column":6}},"27":{"start":{"line":145,"column":6},"end":{"line":145,"column":35}},"28":{"start":{"line":146,"column":6},"end":{"line":146,"column":27}},"29":{"start":{"line":149,"column":24},"end":{"line":165,"column":3}},"30":{"start":{"line":150,"column":20},"end":{"line":158,"column":7}},"31":{"start":{"line":153,"column":8},"end":{"line":157,"column":9}},"32":{"start":{"line":160,"column":4},"end":{"line":162,"column":7}},"33":{"start":{"line":164,"column":4},"end":{"line":164,"column":25}},"34":{"start":{"line":164,"column":17},"end":{"line":164,"column":23}},"35":{"start":{"line":167,"column":19},"end":{"line":175,"column":3}},"36":{"start":{"line":168,"column":4},"end":{"line":170,"column":5}},"37":{"start":{"line":169,"column":6},"end":{"line":169,"column":13}},"38":{"start":{"line":172,"column":4},"end":{"line":174,"column":7}},"39":{"start":{"line":177,"column":2},"end":{"line":186,"column":4}}},"fnMap":{"0":{"name":"(anonymous_0)","decl":{"start":{"line":79,"column":12},"end":{"line":79,"column":13}},"loc":{"start":{"line":79,"column":38},"end":{"line":79,"column":48}},"line":79},"1":{"name":"useCharacterScreen","decl":{"start":{"line":82,"column":24},"end":{"line":82,"column":42}},"loc":{"start":{"line":82,"column":45},"end":{"line":187,"column":1}},"line":82},"2":{"name":"(anonymous_2)","decl":{"start":{"line":101,"column":37},"end":{"line":101,"column":38}},"loc":{"start":{"line":101,"column":43},"end":{"line":124,"column":3}},"line":101},"3":{"name":"(anonymous_3)","decl":{"start":{"line":116,"column":12},"end":{"line":116,"column":13}},"loc":{"start":{"line":117,"column":8},"end":{"line":117,"column":76}},"line":117},"4":{"name":"(anonymous_4)","decl":{"start":{"line":126,"column":12},"end":{"line":126,"column":13}},"loc":{"start":{"line":126,"column":18},"end":{"line":128,"column":3}},"line":126},"5":{"name":"(anonymous_5)","decl":{"start":{"line":130,"column":24},"end":{"line":130,"column":25}},"loc":{"start":{"line":130,"column":52},"end":{"line":132,"column":3}},"line":130},"6":{"name":"(anonymous_6)","decl":{"start":{"line":135,"column":36},"end":{"line":135,"column":37}},"loc":{"start":{"line":135,"column":42},"end":{"line":135,"column":70}},"line":135},"7":{"name":"(anonymous_7)","decl":{"start":{"line":137,"column":22},"end":{"line":137,"column":23}},"loc":{"start":{"line":137,"column":47},"end":{"line":141,"column":3}},"line":137},"8":{"name":"(anonymous_8)","decl":{"start":{"line":143,"column":19},"end":{"line":143,"column":20}},"loc":{"start":{"line":144,"column":4},"end":{"line":147,"column":6}},"line":144},"9":{"name":"(anonymous_9)","decl":{"start":{"line":144,"column":38},"end":{"line":144,"column":39}},"loc":{"start":{"line":144,"column":44},"end":{"line":147,"column":5}},"line":144},"10":{"name":"(anonymous_10)","decl":{"start":{"line":149,"column":24},"end":{"line":149,"column":25}},"loc":{"start":{"line":149,"column":30},"end":{"line":165,"column":3}},"line":149},"11":{"name":"(anonymous_11)","decl":{"start":{"line":152,"column":12},"end":{"line":152,"column":13}},"loc":{"start":{"line":153,"column":8},"end":{"line":157,"column":9}},"line":153},"12":{"name":"(anonymous_12)","decl":{"start":{"line":164,"column":12},"end":{"line":164,"column":13}},"loc":{"start":{"line":164,"column":17},"end":{"line":164,"column":23}},"line":164},"13":{"name":"(anonymous_13)","decl":{"start":{"line":167,"column":19},"end":{"line":167,"column":20}},"loc":{"start":{"line":167,"column":25},"end":{"line":175,"column":3}},"line":167}},"branchMap":{"0":{"loc":{"start":{"line":102,"column":4},"end":{"line":104,"column":5}},"type":"if","locations":[{"start":{"line":102,"column":4},"end":{"line":104,"column":5}},{"start":{},"end":{}}],"line":102},"1":{"loc":{"start":{"line":108,"column":4},"end":{"line":112,"column":5}},"type":"if","locations":[{"start":{"line":108,"column":4},"end":{"line":112,"column":5}},{"start":{"line":110,"column":11},"end":{"line":112,"column":5}}],"line":108},"2":{"loc":{"start":{"line":130,"column":25},"end":{"line":130,"column":47}},"type":"default-arg","locations":[{"start":{"line":130,"column":45},"end":{"line":130,"column":47}}],"line":130},"3":{"loc":{"start":{"line":168,"column":4},"end":{"line":170,"column":5}},"type":"if","locations":[{"start":{"line":168,"column":4},"end":{"line":170,"column":5}},{"start":{},"end":{}}],"line":168}},"s":{"0":4,"1":4,"2":1,"3":8,"4":8,"5":8,"6":8,"7":8,"8":8,"9":4,"10":2,"11":2,"12":2,"13":0,"14":2,"15":16,"16":2,"17":8,"18":4,"19":8,"20":2,"21":8,"22":2,"23":8,"24":0,"25":8,"26":1,"27":1,"28":1,"29":8,"30":0,"31":0,"32":0,"33":0,"34":0,"35":8,"36":0,"37":0,"38":0,"39":8},"f":{"0":1,"1":8,"2":4,"3":16,"4":4,"5":2,"6":2,"7":0,"8":1,"9":1,"10":0,"11":0,"12":0,"13":0},"b":{"0":[2,2],"1":[2,0],"2":[2],"3":[0,0]},"_coverageSchema":"1a1c01bbd47fc00a2c39e90264f33305004495a9","hash":"c4f79f60756c4e439b20d864703d74606573efc1"}
,"/Users/renato/projects/ReactNative/RickAndMorty/src/screens/EpisodeScreen/EpisodeList/EpisodeListContainer.tsx": {"path":"/Users/renato/projects/ReactNative/RickAndMorty/src/screens/EpisodeScreen/EpisodeList/EpisodeListContainer.tsx","statementMap":{"0":{"start":{"line":6,"column":20},"end":{"line":6,"column":39}},"1":{"start":{"line":8,"column":2},"end":{"line":12,"column":9}},"2":{"start":{"line":9,"column":4},"end":{"line":9,"column":29}},"3":{"start":{"line":14,"column":2},"end":{"line":24,"column":4}}},"fnMap":{"0":{"name":"EpisodeListScreen","decl":{"start":{"line":5,"column":24},"end":{"line":5,"column":41}},"loc":{"start":{"line":5,"column":44},"end":{"line":25,"column":1}},"line":5},"1":{"name":"(anonymous_1)","decl":{"start":{"line":8,"column":12},"end":{"line":8,"column":13}},"loc":{"start":{"line":8,"column":18},"end":{"line":12,"column":3}},"line":8}},"branchMap":{},"s":{"0":8,"1":8,"2":2,"3":8},"f":{"0":8,"1":2},"b":{},"_coverageSchema":"1a1c01bbd47fc00a2c39e90264f33305004495a9","hash":"f82a00cc808a56217bd7c22c2ad900d39a8bacee"}
,"/Users/renato/projects/ReactNative/RickAndMorty/src/screens/EpisodeScreen/EpisodeList/EpisodeListContent.tsx": {"path":"/Users/renato/projects/ReactNative/RickAndMorty/src/screens/EpisodeScreen/EpisodeList/EpisodeListContent.tsx","statementMap":{"0":{"start":{"line":27,"column":2},"end":{"line":46,"column":4}},"1":{"start":{"line":38,"column":32},"end":{"line":38,"column":39}},"2":{"start":{"line":40,"column":10},"end":{"line":40,"column":63}},"3":{"start":{"line":49,"column":25},"end":{"line":68,"column":1}},"4":{"start":{"line":56,"column":2},"end":{"line":67,"column":14}},"5":{"start":{"line":56,"column":28},"end":{"line":56,"column":44}},"6":{"start":{"line":63,"column":39},"end":{"line":63,"column":50}},"7":{"start":{"line":70,"column":24},"end":{"line":72,"column":1}},"8":{"start":{"line":74,"column":31},"end":{"line":77,"column":1}},"9":{"start":{"line":79,"column":26},"end":{"line":84,"column":1}},"10":{"start":{"line":86,"column":33},"end":{"line":88,"column":1}},"11":{"start":{"line":90,"column":26},"end":{"line":93,"column":1}},"12":{"start":{"line":95,"column":24},"end":{"line":97,"column":1}}},"fnMap":{"0":{"name":"EpisodeListContent","decl":{"start":{"line":18,"column":24},"end":{"line":18,"column":42}},"loc":{"start":{"line":26,"column":10},"end":{"line":47,"column":1}},"line":26},"1":{"name":"(anonymous_1)","decl":{"start":{"line":38,"column":22},"end":{"line":38,"column":23}},"loc":{"start":{"line":38,"column":32},"end":{"line":38,"column":39}},"line":38},"2":{"name":"(anonymous_2)","decl":{"start":{"line":39,"column":20},"end":{"line":39,"column":21}},"loc":{"start":{"line":40,"column":10},"end":{"line":40,"column":63}},"line":40},"3":{"name":"(anonymous_3)","decl":{"start":{"line":49,"column":25},"end":{"line":49,"column":26}},"loc":{"start":{"line":56,"column":2},"end":{"line":67,"column":14}},"line":56},"4":{"name":"(anonymous_4)","decl":{"start":{"line":56,"column":22},"end":{"line":56,"column":23}},"loc":{"start":{"line":56,"column":28},"end":{"line":56,"column":44}},"line":56},"5":{"name":"(anonymous_5)","decl":{"start":{"line":63,"column":34},"end":{"line":63,"column":35}},"loc":{"start":{"line":63,"column":39},"end":{"line":63,"column":50}},"line":63}},"branchMap":{"0":{"loc":{"start":{"line":44,"column":7},"end":{"line":44,"column":29}},"type":"binary-expr","locations":[{"start":{"line":44,"column":7},"end":{"line":44,"column":14}},{"start":{"line":44,"column":18},"end":{"line":44,"column":29}}],"line":44}},"s":{"0":10,"1":8,"2":8,"3":2,"4":8,"5":0,"6":20,"7":2,"8":2,"9":2,"10":2,"11":2,"12":2},"f":{"0":10,"1":8,"2":8,"3":8,"4":0,"5":20},"b":{"0":[10,3]},"_coverageSchema":"1a1c01bbd47fc00a2c39e90264f33305004495a9","hash":"cb5a1359ec679aef6a158bfa0d6116c69c15b625"}
,"/Users/renato/projects/ReactNative/RickAndMorty/src/screens/EpisodeScreen/EpisodeList/useEpisodeScreen.ts": {"path":"/Users/renato/projects/ReactNative/RickAndMorty/src/screens/EpisodeScreen/EpisodeList/useEpisodeScreen.ts","statementMap":{"0":{"start":{"line":28,"column":27},"end":{"line":47,"column":1}},"1":{"start":{"line":49,"column":38},"end":{"line":51,"column":1}},"2":{"start":{"line":50,"column":38},"end":{"line":50,"column":48}},"3":{"start":{"line":54,"column":40},"end":{"line":64,"column":4}},"4":{"start":{"line":65,"column":30},"end":{"line":65,"column":42}},"5":{"start":{"line":66,"column":26},"end":{"line":66,"column":66}},"6":{"start":{"line":69,"column":4},"end":{"line":69,"column":45}},"7":{"start":{"line":71,"column":25},"end":{"line":94,"column":12}},"8":{"start":{"line":72,"column":4},"end":{"line":74,"column":5}},"9":{"start":{"line":73,"column":6},"end":{"line":73,"column":13}},"10":{"start":{"line":78,"column":4},"end":{"line":82,"column":5}},"11":{"start":{"line":79,"column":6},"end":{"line":79,"column":38}},"12":{"start":{"line":81,"column":6},"end":{"line":81,"column":73}},"13":{"start":{"line":84,"column":4},"end":{"line":88,"column":8}},"14":{"start":{"line":87,"column":8},"end":{"line":87,"column":76}},"15":{"start":{"line":90,"column":4},"end":{"line":92,"column":7}},"16":{"start":{"line":96,"column":2},"end":{"line":98,"column":23}},"17":{"start":{"line":97,"column":4},"end":{"line":97,"column":21}},"18":{"start":{"line":100,"column":23},"end":{"line":102,"column":3}},"19":{"start":{"line":101,"column":4},"end":{"line":101,"column":67}},"20":{"start":{"line":105,"column":28},"end":{"line":105,"column":74}},"21":{"start":{"line":105,"column":42},"end":{"line":105,"column":69}},"22":{"start":{"line":107,"column":22},"end":{"line":107,"column":30}},"23":{"start":{"line":109,"column":19},"end":{"line":113,"column":6}},"24":{"start":{"line":110,"column":4},"end":{"line":113,"column":6}},"25":{"start":{"line":111,"column":6},"end":{"line":111,"column":35}},"26":{"start":{"line":112,"column":6},"end":{"line":112,"column":27}},"27":{"start":{"line":115,"column":24},"end":{"line":131,"column":3}},"28":{"start":{"line":116,"column":20},"end":{"line":124,"column":7}},"29":{"start":{"line":119,"column":8},"end":{"line":123,"column":9}},"30":{"start":{"line":126,"column":4},"end":{"line":128,"column":7}},"31":{"start":{"line":130,"column":4},"end":{"line":130,"column":25}},"32":{"start":{"line":130,"column":17},"end":{"line":130,"column":23}},"33":{"start":{"line":133,"column":19},"end":{"line":141,"column":3}},"34":{"start":{"line":134,"column":4},"end":{"line":136,"column":5}},"35":{"start":{"line":135,"column":6},"end":{"line":135,"column":13}},"36":{"start":{"line":138,"column":4},"end":{"line":140,"column":7}},"37":{"start":{"line":143,"column":2},"end":{"line":152,"column":4}}},"fnMap":{"0":{"name":"(anonymous_0)","decl":{"start":{"line":50,"column":12},"end":{"line":50,"column":13}},"loc":{"start":{"line":50,"column":38},"end":{"line":50,"column":48}},"line":50},"1":{"name":"useEpisodesScreen","decl":{"start":{"line":53,"column":24},"end":{"line":53,"column":41}},"loc":{"start":{"line":53,"column":44},"end":{"line":153,"column":1}},"line":53},"2":{"name":"(anonymous_2)","decl":{"start":{"line":71,"column":37},"end":{"line":71,"column":38}},"loc":{"start":{"line":71,"column":43},"end":{"line":94,"column":3}},"line":71},"3":{"name":"(anonymous_3)","decl":{"start":{"line":86,"column":12},"end":{"line":86,"column":13}},"loc":{"start":{"line":87,"column":8},"end":{"line":87,"column":76}},"line":87},"4":{"name":"(anonymous_4)","decl":{"start":{"line":96,"column":12},"end":{"line":96,"column":13}},"loc":{"start":{"line":96,"column":18},"end":{"line":98,"column":3}},"line":96},"5":{"name":"(anonymous_5)","decl":{"start":{"line":100,"column":23},"end":{"line":100,"column":24}},"loc":{"start":{"line":100,"column":51},"end":{"line":102,"column":3}},"line":100},"6":{"name":"(anonymous_6)","decl":{"start":{"line":105,"column":36},"end":{"line":105,"column":37}},"loc":{"start":{"line":105,"column":42},"end":{"line":105,"column":69}},"line":105},"7":{"name":"(anonymous_7)","decl":{"start":{"line":107,"column":22},"end":{"line":107,"column":23}},"loc":{"start":{"line":107,"column":28},"end":{"line":107,"column":30}},"line":107},"8":{"name":"(anonymous_8)","decl":{"start":{"line":109,"column":19},"end":{"line":109,"column":20}},"loc":{"start":{"line":110,"column":4},"end":{"line":113,"column":6}},"line":110},"9":{"name":"(anonymous_9)","decl":{"start":{"line":110,"column":36},"end":{"line":110,"column":37}},"loc":{"start":{"line":110,"column":42},"end":{"line":113,"column":5}},"line":110},"10":{"name":"(anonymous_10)","decl":{"start":{"line":115,"column":24},"end":{"line":115,"column":25}},"loc":{"start":{"line":115,"column":30},"end":{"line":131,"column":3}},"line":115},"11":{"name":"(anonymous_11)","decl":{"start":{"line":118,"column":12},"end":{"line":118,"column":13}},"loc":{"start":{"line":119,"column":8},"end":{"line":123,"column":9}},"line":119},"12":{"name":"(anonymous_12)","decl":{"start":{"line":130,"column":12},"end":{"line":130,"column":13}},"loc":{"start":{"line":130,"column":17},"end":{"line":130,"column":23}},"line":130},"13":{"name":"(anonymous_13)","decl":{"start":{"line":133,"column":19},"end":{"line":133,"column":20}},"loc":{"start":{"line":133,"column":25},"end":{"line":141,"column":3}},"line":133}},"branchMap":{"0":{"loc":{"start":{"line":72,"column":4},"end":{"line":74,"column":5}},"type":"if","locations":[{"start":{"line":72,"column":4},"end":{"line":74,"column":5}},{"start":{},"end":{}}],"line":72},"1":{"loc":{"start":{"line":78,"column":4},"end":{"line":82,"column":5}},"type":"if","locations":[{"start":{"line":78,"column":4},"end":{"line":82,"column":5}},{"start":{"line":80,"column":11},"end":{"line":82,"column":5}}],"line":78},"2":{"loc":{"start":{"line":100,"column":24},"end":{"line":100,"column":46}},"type":"default-arg","locations":[{"start":{"line":100,"column":44},"end":{"line":100,"column":46}}],"line":100},"3":{"loc":{"start":{"line":134,"column":4},"end":{"line":136,"column":5}},"type":"if","locations":[{"start":{"line":134,"column":4},"end":{"line":136,"column":5}},{"start":{},"end":{}}],"line":134}},"s":{"0":4,"1":4,"2":1,"3":8,"4":8,"5":8,"6":8,"7":8,"8":4,"9":2,"10":2,"11":2,"12":0,"13":2,"14":2,"15":2,"16":8,"17":4,"18":8,"19":2,"20":8,"21":2,"22":8,"23":8,"24":1,"25":1,"26":1,"27":8,"28":0,"29":0,"30":0,"31":0,"32":0,"33":8,"34":0,"35":0,"36":0,"37":8},"f":{"0":1,"1":8,"2":4,"3":2,"4":4,"5":2,"6":2,"7":0,"8":1,"9":1,"10":0,"11":0,"12":0,"13":0},"b":{"0":[2,2],"1":[2,0],"2":[2],"3":[0,0]},"_coverageSchema":"1a1c01bbd47fc00a2c39e90264f33305004495a9","hash":"0611eb7dcbb400363d53a87b8843aaf3a946e1c4"}
,"/Users/renato/projects/ReactNative/RickAndMorty/src/utils/SortApiResult.ts": {"path":"/Users/renato/projects/ReactNative/RickAndMorty/src/utils/SortApiResult.ts","statementMap":{"0":{"start":{"line":2,"column":16},"end":{"line":2,"column":31}},"1":{"start":{"line":3,"column":16},"end":{"line":3,"column":31}},"2":{"start":{"line":6,"column":2},"end":{"line":8,"column":3}},"3":{"start":{"line":7,"column":4},"end":{"line":7,"column":23}},"4":{"start":{"line":10,"column":2},"end":{"line":12,"column":3}},"5":{"start":{"line":11,"column":4},"end":{"line":11,"column":22}},"6":{"start":{"line":14,"column":2},"end":{"line":14,"column":11}}},"fnMap":{"0":{"name":"sortByString","decl":{"start":{"line":1,"column":16},"end":{"line":1,"column":28}},"loc":{"start":{"line":1,"column":63},"end":{"line":15,"column":1}},"line":1}},"branchMap":{"0":{"loc":{"start":{"line":1,"column":51},"end":{"line":1,"column":61}},"type":"default-arg","locations":[{"start":{"line":1,"column":60},"end":{"line":1,"column":61}}],"line":1},"1":{"loc":{"start":{"line":6,"column":2},"end":{"line":8,"column":3}},"type":"if","locations":[{"start":{"line":6,"column":2},"end":{"line":8,"column":3}},{"start":{},"end":{}}],"line":6},"2":{"loc":{"start":{"line":10,"column":2},"end":{"line":12,"column":3}},"type":"if","locations":[{"start":{"line":10,"column":2},"end":{"line":12,"column":3}},{"start":{},"end":{}}],"line":10}},"s":{"0":18,"1":18,"2":18,"3":6,"4":12,"5":6,"6":6},"f":{"0":18},"b":{"0":[0],"1":[6,12],"2":[6,6]},"_coverageSchema":"1a1c01bbd47fc00a2c39e90264f33305004495a9","hash":"8dab219fe7b7987b71d056567554cb50aa54f00f"}
,"/Users/renato/projects/ReactNative/RickAndMorty/src/utils/mockProvider.tsx": {"path":"/Users/renato/projects/ReactNative/RickAndMorty/src/utils/mockProvider.tsx","statementMap":{"0":{"start":{"line":7,"column":26},"end":{"line":104,"column":1}},"1":{"start":{"line":106,"column":25},"end":{"line":148,"column":1}},"2":{"start":{"line":150,"column":34},"end":{"line":173,"column":1}},"3":{"start":{"line":151,"column":2},"end":{"line":172,"column":4}},"4":{"start":{"line":175,"column":34},"end":{"line":177,"column":1}},"5":{"start":{"line":176,"column":2},"end":{"line":176,"column":70}}},"fnMap":{"0":{"name":"(anonymous_0)","decl":{"start":{"line":150,"column":34},"end":{"line":150,"column":35}},"loc":{"start":{"line":150,"column":69},"end":{"line":173,"column":1}},"line":150},"1":{"name":"(anonymous_1)","decl":{"start":{"line":175,"column":34},"end":{"line":175,"column":35}},"loc":{"start":{"line":175,"column":66},"end":{"line":177,"column":1}},"line":175}},"branchMap":{},"s":{"0":3,"1":3,"2":3,"3":5,"4":3,"5":5},"f":{"0":5,"1":5},"b":{},"_coverageSchema":"1a1c01bbd47fc00a2c39e90264f33305004495a9","hash":"38930b2e8bcfc3f3b7711db409ab3422fbe5cbf4"}
}
