TN:
SF:src/assets/sort.png
FNF:0
FNH:0
DA:1,4
LF:1
LH:1
BRF:0
BRH:0
end_of_record
TN:
SF:src/components/Loading.tsx
FN:5,Loading
FNF:1
FNH:1
FNDA:6,Loading
DA:6,6
DA:13,4
LF:2
LH:2
BRF:0
BRH:0
end_of_record
TN:
SF:src/components/Search.tsx
FN:12,Search
FNF:1
FNH:1
FNDA:20,Search
DA:13,20
DA:27,4
DA:33,4
DA:42,4
LF:4
LH:4
BRF:0
BRH:0
end_of_record
TN:
SF:src/routes/CharacterStackTypes.ts
FNF:0
FNH:0
LF:0
LH:0
BRF:0
BRH:0
end_of_record
TN:
SF:src/screens/CharacterScreen/index.ts
FNF:0
FNH:0
LF:0
LH:0
BRF:0
BRH:0
end_of_record
TN:
SF:src/screens/CharacterScreen/CharacterDetailScreen/CharacterDetail.tsx
FN:15,(anonymous_0)
FN:26,CharacterDetail
FN:42,(anonymous_2)
FN:43,(anonymous_3)
FN:61,(anonymous_4)
FN:68,(anonymous_5)
FN:73,(anonymous_6)
FNF:7
FNH:7
FNDA:1,(anonymous_0)
FNDA:1,CharacterDetail
FNDA:1,(anonymous_2)
FNDA:1,(anonymous_3)
FNDA:1,(anonymous_4)
FNDA:1,(anonymous_5)
FNDA:1,(anonymous_6)
DA:15,2
DA:16,1
DA:30,1
DA:32,1
DA:42,1
DA:44,1
DA:54,2
DA:59,2
DA:61,2
DA:68,2
DA:73,2
DA:77,2
DA:84,2
DA:89,2
DA:96,2
DA:101,2
LF:16
LH:16
BRF:0
BRH:0
end_of_record
TN:
SF:src/screens/CharacterScreen/CharacterList/CharacterListContainer.tsx
FN:5,CharacterListScreen
FN:8,(anonymous_1)
FNF:2
FNH:2
FNDA:8,CharacterListScreen
FNDA:2,(anonymous_1)
DA:6,8
DA:8,8
DA:9,2
DA:13,8
LF:4
LH:4
BRF:0
BRH:0
end_of_record
TN:
SF:src/screens/CharacterScreen/CharacterList/CharacterListContent.tsx
FN:19,CharacterListContent
FN:42,(anonymous_1)
FN:43,(anonymous_2)
FN:53,(anonymous_3)
FN:60,(anonymous_4)
FNF:5
FNH:4
FNDA:10,CharacterListContent
FNDA:20,(anonymous_1)
FNDA:20,(anonymous_2)
FNDA:20,(anonymous_3)
FNDA:0,(anonymous_4)
DA:29,10
DA:42,20
DA:44,20
DA:53,2
DA:60,20
DA:67,2
DA:71,2
DA:76,2
DA:78,2
LF:9
LH:9
BRDA:48,0,0,10
BRDA:48,0,1,3
BRF:2
BRH:2
end_of_record
TN:
SF:src/screens/CharacterScreen/CharacterList/useCharacterScreen.ts
FN:79,(anonymous_0)
FN:82,useCharacterScreen
FN:101,(anonymous_2)
FN:116,(anonymous_3)
FN:126,(anonymous_4)
FN:130,(anonymous_5)
FN:135,(anonymous_6)
FN:137,(anonymous_7)
FN:143,(anonymous_8)
FN:144,(anonymous_9)
FN:149,(anonymous_10)
FN:152,(anonymous_11)
FN:164,(anonymous_12)
FN:167,(anonymous_13)
FNF:14
FNH:9
FNDA:1,(anonymous_0)
FNDA:8,useCharacterScreen
FNDA:4,(anonymous_2)
FNDA:16,(anonymous_3)
FNDA:4,(anonymous_4)
FNDA:2,(anonymous_5)
FNDA:2,(anonymous_6)
FNDA:0,(anonymous_7)
FNDA:1,(anonymous_8)
FNDA:1,(anonymous_9)
FNDA:0,(anonymous_10)
FNDA:0,(anonymous_11)
FNDA:0,(anonymous_12)
FNDA:0,(anonymous_13)
DA:46,4
DA:78,4
DA:79,1
DA:83,8
DA:84,8
DA:95,8
DA:96,8
DA:99,8
DA:101,8
DA:102,4
DA:103,2
DA:108,2
DA:109,2
DA:111,0
DA:114,2
DA:117,16
DA:120,2
DA:126,8
DA:127,4
DA:130,8
DA:131,2
DA:135,8
DA:137,8
DA:138,0
DA:143,8
DA:144,1
DA:145,1
DA:146,1
DA:149,8
DA:150,0
DA:153,0
DA:160,0
DA:164,0
DA:167,8
DA:168,0
DA:169,0
DA:172,0
DA:177,8
LF:38
LH:29
BRDA:102,0,0,2
BRDA:102,0,1,2
BRDA:108,1,0,2
BRDA:108,1,1,0
BRDA:130,2,0,2
BRDA:168,3,0,0
BRDA:168,3,1,0
BRF:7
BRH:4
end_of_record
TN:
SF:src/screens/EpisodeScreen/EpisodeList/EpisodeListContainer.tsx
FN:5,EpisodeListScreen
FN:8,(anonymous_1)
FNF:2
FNH:2
FNDA:8,EpisodeListScreen
FNDA:2,(anonymous_1)
DA:6,8
DA:8,8
DA:9,2
DA:14,8
LF:4
LH:4
BRF:0
BRH:0
end_of_record
TN:
SF:src/screens/EpisodeScreen/EpisodeList/EpisodeListContent.tsx
FN:18,EpisodeListContent
FN:38,(anonymous_1)
FN:39,(anonymous_2)
FN:49,(anonymous_3)
FN:56,(anonymous_4)
FN:63,(anonymous_5)
FNF:6
FNH:5
FNDA:10,EpisodeListContent
FNDA:8,(anonymous_1)
FNDA:8,(anonymous_2)
FNDA:8,(anonymous_3)
FNDA:0,(anonymous_4)
FNDA:20,(anonymous_5)
DA:27,10
DA:38,8
DA:40,8
DA:49,2
DA:56,8
DA:63,20
DA:70,2
DA:74,2
DA:79,2
DA:86,2
DA:90,2
DA:95,2
LF:12
LH:12
BRDA:44,0,0,10
BRDA:44,0,1,3
BRF:2
BRH:2
end_of_record
TN:
SF:src/screens/EpisodeScreen/EpisodeList/useEpisodeScreen.ts
FN:50,(anonymous_0)
FN:53,useEpisodesScreen
FN:71,(anonymous_2)
FN:86,(anonymous_3)
FN:96,(anonymous_4)
FN:100,(anonymous_5)
FN:105,(anonymous_6)
FN:107,(anonymous_7)
FN:109,(anonymous_8)
FN:110,(anonymous_9)
FN:115,(anonymous_10)
FN:118,(anonymous_11)
FN:130,(anonymous_12)
FN:133,(anonymous_13)
FNF:14
FNH:9
FNDA:1,(anonymous_0)
FNDA:8,useEpisodesScreen
FNDA:4,(anonymous_2)
FNDA:2,(anonymous_3)
FNDA:4,(anonymous_4)
FNDA:2,(anonymous_5)
FNDA:2,(anonymous_6)
FNDA:0,(anonymous_7)
FNDA:1,(anonymous_8)
FNDA:1,(anonymous_9)
FNDA:0,(anonymous_10)
FNDA:0,(anonymous_11)
FNDA:0,(anonymous_12)
FNDA:0,(anonymous_13)
DA:28,4
DA:49,4
DA:50,1
DA:54,8
DA:65,8
DA:66,8
DA:69,8
DA:71,8
DA:72,4
DA:73,2
DA:78,2
DA:79,2
DA:81,0
DA:84,2
DA:87,2
DA:90,2
DA:96,8
DA:97,4
DA:100,8
DA:101,2
DA:105,8
DA:107,8
DA:109,8
DA:110,1
DA:111,1
DA:112,1
DA:115,8
DA:116,0
DA:119,0
DA:126,0
DA:130,0
DA:133,8
DA:134,0
DA:135,0
DA:138,0
DA:143,8
LF:36
LH:28
BRDA:72,0,0,2
BRDA:72,0,1,2
BRDA:78,1,0,2
BRDA:78,1,1,0
BRDA:100,2,0,2
BRDA:134,3,0,0
BRDA:134,3,1,0
BRF:7
BRH:4
end_of_record
TN:
SF:src/utils/SortApiResult.ts
FN:1,sortByString
FNF:1
FNH:1
FNDA:18,sortByString
DA:2,18
DA:3,18
DA:6,18
DA:7,6
DA:10,12
DA:11,6
DA:14,6
LF:7
LH:7
BRDA:1,0,0,0
BRDA:6,1,0,6
BRDA:6,1,1,12
BRDA:10,2,0,6
BRDA:10,2,1,6
BRF:5
BRH:4
end_of_record
TN:
SF:src/utils/mockProvider.tsx
FN:150,(anonymous_0)
FN:175,(anonymous_1)
FNF:2
FNH:2
FNDA:5,(anonymous_0)
FNDA:5,(anonymous_1)
DA:7,3
DA:106,3
DA:150,3
DA:151,5
DA:175,3
DA:176,5
LF:6
LH:6
BRF:0
BRH:0
end_of_record
